[184572.361287] Num openers: 2
[184572.361405] user_cpy: Corrupted page table at address 7f48e2b60000
[184572.361408] PGD 8000000feba75067 P4D 8000000feba75067 PUD 1047d37067 PMD ff3496067 PTE 800fa27480000227
[184572.361413] Bad pagetable: 000f [#2] SMP PTI
[184572.361416] CPU: 35 PID: 61377 Comm: user_cpy Tainted: G      D    OE     5.4.0-48-generic #52-Ubuntu
[184572.361418] Hardware name: Default string Default string/Default string, BIOS 5.11 02/08/2022
[184572.361422] RIP: 0033:0x55944ac2f1f4
[184572.361425] Code: 0f 1e fa 55 48 89 e5 48 83 ec 20 48 89 7d e8 64 48 8b 04 25 28 00 00 00 48 89 45 f8 31 c0 c6 45 f6 73 48 8b 45 e8 0f b6 55 f6 <88> 10 48 85 c0 75 18 48 8d 3d 06 0e 00 00 b8 00 00 00 00 e8 b4 fe
[184572.361427] RSP: 002b:00007ffd1c79b6b0 EFLAGS: 00010246
[184572.361429] RAX: 00007f48e2b60000 RBX: 000055944ac2f330 RCX: 0000000000000000
[184572.361431] RDX: 0000000000000073 RSI: 000055944c5582a0 RDI: 00007f48e2b60000
[184572.361432] RBP: 00007ffd1c79b6d0 R08: 0000000000000000 R09: 0000000000000022
[184572.361434] R10: 000055944ac30068 R11: 0000000000000246 R12: 000055944ac2f0e0
[184572.361435] R13: 00007ffd1c79b7e0 R14: 0000000000000000 R15: 0000000000000000
[184572.361437] FS:  00007f48e2b1d540 GS:  0000000000000000
[184572.361438] Modules linked in: rw_test(OE) rpcsec_gss_krb5 auth_rpcgss nfsv4 nfs lockd grace fscache ipmi_ssif mlx5_core(OE) mlxdevm(OE) auxiliary(OE) mlx_compat(OE) tls mlxfw(OE) psample pci_hyperv_intf intel_rapl_msr intel_rapl_common x86_pkg_temp_thermal intel_powerclamp coretemp kvm_intel joydev input_leds kvm rapl intel_cstate mei_me mei ipmi_si ipmi_devintf ipmi_msghandler acpi_pad acpi_power_meter mac_hid sch_fq_codel parport_pc ppdev lp parport sunrpc ip_tables x_tables autofs4 hid_generic usbhid hid crct10dif_pclmul crc32_pclmul ghash_clmulni_intel mgag200 drm_vram_helper ttm aesni_intel drm_kms_helper syscopyarea crypto_simd sysfillrect cryptd sysimgblt glue_helper fb_sys_fops mxm_wmi drm igb ahci i2c_i801 libahci lpc_ich dca i2c_algo_bit wmi [last unloaded: rw_test]
[184572.361479] ---[ end trace edf2b17824ef9170 ]---
[184572.361481] RIP: 0033:0x559a6d01b1f4
[184572.361487] Code: Bad RIP value.
[184572.361488] RSP: 002b:00007ffd869fa6b0 EFLAGS: 00010246
[184572.361490] RAX: 00007fba90d9e000 RBX: 0000559a6d01b330 RCX: 0000000000000000
[184572.361491] RDX: 0000000000000073 RSI: 0000559a6d56f2a0 RDI: 00007fba90d9e000
[184572.361493] RBP: 00007ffd869fa6d0 R08: 0000000000000000 R09: 0000000000000022
[184572.361494] R10: 0000559a6d01c068 R11: 0000000000000246 R12: 0000559a6d01b0e0
[184572.361495] R13: 00007ffd869fa7e0 R14: 0000000000000000 R15: 0000000000000000
[184572.361497] FS:  00007f48e2b1d540(0000) GS:ffff8f991fac0000(0000) knlGS:0000000000000000
[184572.361499] CS:  0033 DS: 0000 ES: 0000 CR0: 0000000080050033
[184572.361500] CR2: 0000559a6d01b1ca CR3: 0000000fedd22006 CR4: 00000000003606e0
[184572.361502] DR0: 0000000000000000 DR1: 0000000000000000 DR2: 0000000000000000
[184572.361503] DR3: 0000000000000000 DR6: 00000000fffe0ff0 DR7: 0000000000000400
